iterations done 0
[99864, 98826, 99959, 99225, 98966]
iterations done 1
[99793, 98250, 100002, 99323, 99472]
iterations done 2
[100209, 97518, 99561, 100038, 99514]
iterations done 3
[100031, 97626, 98113, 100253, 100817]
iterations done 4
[97143, 99614, 97901, 100376, 101806]
iterations done 5
[95065, 99928, 98206, 101403, 102238]
iterations done 6
[93502, 99163, 99176, 102739, 102260]
iterations done 7
[92972, 98527, 100063, 103922, 101356]
iterations done 8
[92192, 97757, 102458, 104710, 99723]
iterations done 9
[91733, 97550, 104628, 105467, 97462]
iterations done 10
[91608, 98054, 105939, 105520, 95719]
iterations done 11
[90569, 98404, 107230, 106147, 94490]
iterations done 12
[90270, 98571, 108089, 106303, 93607]
iterations done 13
[89285, 99049, 108849, 106470, 93187]
iterations done 14
[88768, 99445, 109726, 106071, 92830]
iterations done 15
[88619, 99925, 110134, 106349, 91813]
iterations done 16
[88430, 100156, 109828, 106449, 91977]
iterations done 17
[88443, 100228, 110437, 105904, 91828]
iterations done 18
[88814, 100382, 110461, 105451, 91732]
iterations done 19
[88876, 100806, 110793, 104674, 91691]
iterations done 20
[88259, 101093, 111503, 104413, 91572]
iterations done 21
[88819, 101094, 111481, 104091, 91355]
iterations done 22
[88454, 101521, 111519, 103987, 91359]
iterations done 23
[88579, 101465, 111658, 103931, 91207]
iterations done 24
[88375, 101548, 111925, 103967, 91025]
iterations done 25
[88288, 101713, 112277, 103305, 91257]
iterations done 26
[88062, 102060, 112535, 102809, 91374]
iterations done 27
[88329, 102331, 112422, 102626, 91132]
iterations done 28
[88010, 102336, 112657, 102496, 91341]
iterations done 29
[88038, 102443, 112118, 102911, 91330]
iterations done 30
[87890, 102324, 112282, 103095, 91249]
iterations done 31
[88136, 102356, 112500, 102477, 91371]
iterations done 32
[88168, 102349, 111848, 103032, 91443]
iterations done 33
[87954, 102442, 112531, 102639, 91274]
iterations done 34
[87628, 102193, 112954, 103057, 91008]
iterations done 35
[87309, 102248, 113243, 103089, 90951]
iterations done 36
[87141, 102076, 113292, 103202, 91129]
iterations done 37
[87142, 102043, 113537, 102976, 91142]
iterations done 38
[86770, 102156, 113634, 103027, 91253]
iterations done 39
[86749, 102022, 113650, 102872, 91547]
iterations done 40
[86049, 102257, 113742, 103124, 91668]
iterations done 41
[85875, 102502, 113749, 103041, 91673]
iterations done 42
[85918, 102632, 113214, 103255, 91821]
iterations done 43
[86163, 102470, 113266, 103455, 91486]
iterations done 44
[86157, 102463, 113293, 103230, 91697]
iterations done 45
[85754, 102679, 113340, 103312, 91755]
iterations done 46
[85635, 102678, 113767, 102922, 91838]
iterations done 47
[85336, 103042, 113935, 103237, 91290]
iterations done 48
[85555, 102939, 114295, 103402, 90649]
iterations done 49
[85869, 102987, 114230, 103092, 90662]
iterations done 50
[85374, 102706, 114519, 103362, 90879]
iterations done 51
[85075, 102648, 114769, 103427, 90921]
iterations done 52
[84449, 102861, 114872, 103756, 90902]
iterations done 53
[84725, 102698, 114385, 103795, 91237]
iterations done 54
[84504, 102604, 114022, 104322, 91388]
iterations done 55
[84566, 102852, 113661, 104538, 91223]
iterations done 56
[84448, 102954, 113662, 104489, 91287]
iterations done 57
[84455, 102831, 113639, 104771, 91144]
iterations done 58
[83843, 102889, 114055, 104695, 91358]
iterations done 59
[83954, 103085, 113983, 104712, 91106]
iterations done 60
[83611, 103081, 114375, 104629, 91144]
iterations done 61
[83412, 102883, 114725, 104530, 91290]
iterations done 62
[83152, 103031, 114661, 104537, 91459]
iterations done 63
[83214, 103179, 115037, 104252, 91158]
iterations done 64
[83084, 102946, 115318, 104377, 91115]
iterations done 65
[82840, 102854, 115118, 104720, 91308]
iterations done 66
[82910, 102655, 115301, 104854, 91120]
iterations done 67
[82625, 102665, 115223, 105421, 90906]
iterations done 68
[82511, 102760, 115179, 105399, 90991]
iterations done 69
[82027, 103166, 115531, 105317, 90799]
iterations done 70
[82019, 103127, 115647, 105147, 90900]
iterations done 71
[81496, 103102, 115793, 105231, 91218]
iterations done 72
[81727, 102882, 115821, 105282, 91128]
iterations done 73
[81785, 102758, 115933, 105414, 90950]
iterations done 74
[81948, 103024, 116014, 105308, 90546]
iterations done 75
[81743, 103087, 116216, 105509, 90285]
iterations done 76
[81331, 102949, 116086, 105875, 90599]
iterations done 77
[81167, 103110, 116331, 105578, 90654]
iterations done 78
[81069, 103080, 116447, 105453, 90791]
iterations done 79
[80781, 103152, 116703, 105438, 90766]
iterations done 80
[80710, 102965, 116739, 105646, 90780]
iterations done 81
[80716, 103300, 116186, 105845, 90793]
iterations done 82
[80556, 103486, 116049, 105818, 90931]
iterations done 83
[80517, 103336, 116470, 105748, 90769]
iterations done 84
[80159, 103331, 116295, 106049, 91006]
iterations done 85
[80466, 103169, 116147, 106041, 91017]
iterations done 86
[80570, 103256, 116058, 106208, 90748]
iterations done 87
[80466, 103481, 115886, 106461, 90546]
iterations done 88
[80509, 103283, 115996, 106459, 90593]
iterations done 89
[80341, 103374, 115745, 106637, 90743]
iterations done 90
[80254, 103234, 115999, 106389, 90964]
iterations done 91
[80196, 103085, 115885, 106431, 91243]
iterations done 92
[79896, 103373, 116011, 106416, 91144]
iterations done 93
[79985, 103274, 116329, 106392, 90860]
iterations done 94
[79740, 103123, 116613, 106609, 90755]
iterations done 95
[79566, 103380, 116619, 106666, 90609]
iterations done 96
[79518, 103408, 116410, 106920, 90584]
iterations done 97
[79782, 103144, 116247, 106837, 90830]
iterations done 98
[79851, 103251, 116266, 106811, 90661]
iterations done 99
[79924, 103320, 116169, 106783, 90644]
2  Clusters - Purity  0.419927536232
3  Clusters - Purity  0.601086956522
4  Clusters - Purity  0.661231884058
5  Clusters - Purity  0.653623188406
6  Clusters - Purity  0.649275362319
7  Clusters - Purity  0.653623188406
8  Clusters - Purity  0.668115942029
9  Clusters - Purity  0.654710144928
10  Clusters - Purity  0.680072463768
11  Clusters - Purity  0.684420289855
12  Clusters - Purity  0.688768115942
13  Clusters - Purity  0.691304347826
14  Clusters - Purity  0.692028985507
15  Clusters - Purity  0.697463768116
16  Clusters - Purity  0.692028985507
17  Clusters - Purity  0.688768115942
18  Clusters - Purity  0.699275362319
19  Clusters - Purity  0.684782608696
20  Clusters - Purity  0.69384057971
21  Clusters - Purity  0.690217391304
22  Clusters - Purity  0.691304347826
23  Clusters - Purity  0.692753623188
24  Clusters - Purity  0.695652173913
25  Clusters - Purity  0.695289855072
26  Clusters - Purity  0.702536231884
27  Clusters - Purity  0.699275362319
28  Clusters - Purity  0.707971014493
29  Clusters - Purity  0.699275362319
30  Clusters - Purity  0.701086956522
31  Clusters - Purity  0.703260869565
32  Clusters - Purity  0.704710144928
33  Clusters - Purity  0.708695652174
34  Clusters - Purity  0.711594202899
35  Clusters - Purity  0.704710144928
36  Clusters - Purity  0.703985507246
37  Clusters - Purity  0.706884057971
38  Clusters - Purity  0.708333333333
39  Clusters - Purity  0.709782608696
40  Clusters - Purity  0.709420289855
41  Clusters - Purity  0.714855072464
42  Clusters - Purity  0.713405797101
43  Clusters - Purity  0.71884057971
44  Clusters - Purity  0.710507246377
45  Clusters - Purity  0.719202898551
46  Clusters - Purity  0.714492753623
47  Clusters - Purity  0.707246376812
48  Clusters - Purity  0.717028985507
49  Clusters - Purity  0.711956521739
